2023-05-20 17:54:54.5728||ERROR|RestaurantAPI.Middleware.ErrorHandlingMiddleware|An error occurred while saving the entity changes. See the inner exception for details. Microsoft.EntityFrameworkCore.DbUpdateException: An error occurred while saving the entity changes. See the inner exception for details.
 ---> Microsoft.Data.SqlClient.SqlException (0x80131904): Cannot insert duplicate key row in object 'dbo.Users' with unique index 'IX_Users_Email'. The duplicate key value is (krzysiek.mastalerz@wp.pl).
   at Microsoft.Data.SqlClient.SqlConnection.OnError(SqlException exception, Boolean breakConnection, Action`1 wrapCloseInAction)
   at Microsoft.Data.SqlClient.TdsParser.ThrowExceptionAndWarning(TdsParserStateObject stateObj, Boolean callerHasConnectionLock, Boolean asyncClose)
   at Microsoft.Data.SqlClient.TdsParser.TryRun(RunBehavior runBehavior, SqlCommand cmdHandler, SqlDataReader dataStream, BulkCopySimpleResultSet bulkCopyHandler, TdsParserStateObject stateObj, Boolean& dataReady)
   at Microsoft.Data.SqlClient.SqlDataReader.TryHasMoreRows(Boolean& moreRows)
   at Microsoft.Data.SqlClient.SqlDataReader.TryReadInternal(Boolean setTimeout, Boolean& more)
   at Microsoft.Data.SqlClient.SqlDataReader.Read()
   at Microsoft.EntityFrameworkCore.Update.AffectedCountModificationCommandBatch.ConsumeResultSet(Int32 startCommandIndex, RelationalDataReader reader)
   at Microsoft.EntityFrameworkCore.Update.AffectedCountModificationCommandBatch.Consume(RelationalDataReader reader)
ClientConnectionId:b7fcb5d2-2d35-41c9-9054-ad2c32f5bf3f
Error Number:2601,State:1,Class:14
   --- End of inner exception stack trace ---
   at Microsoft.EntityFrameworkCore.Update.AffectedCountModificationCommandBatch.Consume(RelationalDataReader reader)
   at Microsoft.EntityFrameworkCore.Update.ReaderModificationCommandBatch.Execute(IRelationalConnection connection)
   at Microsoft.EntityFrameworkCore.SqlServer.Update.Internal.SqlServerModificationCommandBatch.Execute(IRelationalConnection connection)
   at Microsoft.EntityFrameworkCore.Update.Internal.BatchExecutor.Execute(IEnumerable`1 commandBatches, IRelationalConnection connection)
   at Microsoft.EntityFrameworkCore.ChangeTracking.Internal.StateManager.SaveChanges(IList`1 entriesToSave)
   at Microsoft.EntityFrameworkCore.ChangeTracking.Internal.StateManager.SaveChanges(StateManager stateManager, Boolean acceptAllChangesOnSuccess)
   at Microsoft.EntityFrameworkCore.SqlServer.Storage.Internal.SqlServerExecutionStrategy.Execute[TState,TResult](TState state, Func`3 operation, Func`3 verifySucceeded)
   at Microsoft.EntityFrameworkCore.ChangeTracking.Internal.StateManager.SaveChanges(Boolean acceptAllChangesOnSuccess)
   at Microsoft.EntityFrameworkCore.DbContext.SaveChanges(Boolean acceptAllChangesOnSuccess)
   at RestaurantAPI.Services.AccountService.RegisterUser(RegisterUserDto dto) in C:\Users\MastalKr\source\repos\Udemy\ASP.NET\RestaurantAPI\Services\AccountService.cs:line 35
   at RestaurantAPI.Controllers.AccountController.RegisterUser(RegisterUserDto dto) in C:\Users\MastalKr\source\repos\Udemy\ASP.NET\RestaurantAPI\Controllers\AccountController.cs:line 23
   at lambda_method16(Closure , Object , Object[] )
   at Microsoft.AspNetCore.Mvc.Infrastructure.ActionMethodExecutor.SyncActionResultExecutor.Execute(IActionResultTypeMapper mapper, ObjectMethodExecutor executor, Object controller, Object[] arguments)
   at Microsoft.AspNetCore.Mvc.Infrastructure.ControllerActionInvoker.<InvokeActionMethodAsync>g__Logged|12_1(ControllerActionInvoker invoker)
   at Microsoft.AspNetCore.Mvc.Infrastructure.ControllerActionInvoker.<InvokeNextActionFilterAsync>g__Awaited|10_0(ControllerActionInvoker invoker, Task lastTask, State next, Scope scope, Object state, Boolean isCompleted)
   at Microsoft.AspNetCore.Mvc.Infrastructure.ControllerActionInvoker.Rethrow(ActionExecutedContextSealed context)
   at Microsoft.AspNetCore.Mvc.Infrastructure.ControllerActionInvoker.Next(State& next, Scope& scope, Object& state, Boolean& isCompleted)
   at Microsoft.AspNetCore.Mvc.Infrastructure.ControllerActionInvoker.InvokeInnerFilterAsync()
--- End of stack trace from previous location ---
   at Microsoft.AspNetCore.Mvc.Infrastructure.ResourceInvoker.<InvokeFilterPipelineAsync>g__Awaited|20_0(ResourceInvoker invoker, Task lastTask, State next, Scope scope, Object state, Boolean isCompleted)
   at Microsoft.AspNetCore.Mvc.Infrastructure.ResourceInvoker.<InvokeAsync>g__Logged|17_1(ResourceInvoker invoker)
   at Microsoft.AspNetCore.Mvc.Infrastructure.ResourceInvoker.<InvokeAsync>g__Logged|17_1(ResourceInvoker invoker)
   at Microsoft.AspNetCore.Routing.EndpointMiddleware.<Invoke>g__AwaitRequestTask|6_0(Endpoint endpoint, Task requestTask, ILogger logger)
   at Swashbuckle.AspNetCore.SwaggerUI.SwaggerUIMiddleware.Invoke(HttpContext httpContext)
   at Swashbuckle.AspNetCore.Swagger.SwaggerMiddleware.Invoke(HttpContext httpContext, ISwaggerProvider swaggerProvider)
   at RestaurantAPI.Middleware.RequestTimeMiddleware.InvokeAsync(HttpContext context, RequestDelegate next) in C:\Users\MastalKr\source\repos\Udemy\ASP.NET\RestaurantAPI\Middleware\RequestTimeMiddleware.cs:line 18
   at Microsoft.AspNetCore.Builder.UseMiddlewareExtensions.<>c__DisplayClass6_1.<<UseMiddlewareInterface>b__1>d.MoveNext()
--- End of stack trace from previous location ---
   at RestaurantAPI.Middleware.ErrorHandlingMiddleware.InvokeAsync(HttpContext context, RequestDelegate next) in C:\Users\MastalKr\source\repos\Udemy\ASP.NET\RestaurantAPI\Middleware\ErrorHandlingMiddleware.cs:line 17
2023-05-20 18:18:11.7933||ERROR|RestaurantAPI.Middleware.ErrorHandlingMiddleware|Value cannot be null. (Parameter 'input') System.ArgumentNullException: Value cannot be null. (Parameter 'input')
   at System.Text.RegularExpressions.ThrowHelper.ThrowArgumentNullException(ExceptionArgument arg)
   at System.Text.RegularExpressions.Regex.IsMatch(String input)
   at RestaurantAPI.Models.Validators.RegisterUserDtoValidator.<>c.<.ctor>b__0_2(String value, ValidationContext`1 context) in C:\Users\MastalKr\source\repos\Udemy\ASP.NET\RestaurantAPI\Models\Validators\RegisterUserDtoValidator.cs:line 20
   at FluentValidation.DefaultValidatorExtensions.<>c__DisplayClass69_0`2.<Custom>b__0(T parent, TProperty value, ValidationContext`1 context) in /_/src/FluentValidation/DefaultValidatorExtensions.cs:line 1134
   at FluentValidation.Validators.PredicateValidator`2.IsValid(ValidationContext`1 context, TProperty value) in /_/src/FluentValidation/Validators/PredicateValidator.cs:line 37
   at FluentValidation.Internal.RuleComponent`2.ValidateAsync(ValidationContext`1 context, TProperty value, Boolean useAsync, CancellationToken cancellation) in /_/src/FluentValidation/Internal/RuleComponent.cs:line 83
   at FluentValidation.Internal.PropertyRule`2.ValidateAsync(ValidationContext`1 context, Boolean useAsync, CancellationToken cancellation) in /_/src/FluentValidation/Internal/PropertyRule.cs:line 143
   at FluentValidation.AbstractValidator`1.ValidateInternalAsync(ValidationContext`1 context, Boolean useAsync, CancellationToken cancellation) in /_/src/FluentValidation/AbstractValidator.cs:line 241
   at FluentValidation.AbstractValidator`1.Validate(ValidationContext`1 context) in /_/src/FluentValidation/AbstractValidator.cs:line 202
   at FluentValidation.AspNetCore.FluentValidationModelValidator.Validate(ModelValidationContext mvContext) in /_/src/FluentValidation.AspNetCore/FluentValidationModelValidatorProvider.cs:line 146
   at Microsoft.AspNetCore.Mvc.ModelBinding.Validation.ValidationVisitor.ValidateNode()
   at Microsoft.AspNetCore.Mvc.ModelBinding.Validation.ValidationVisitor.VisitComplexType(IValidationStrategy defaultStrategy)
   at Microsoft.AspNetCore.Mvc.ModelBinding.Validation.ValidationVisitor.VisitImplementation(ModelMetadata& metadata, String& key, Object model)
   at Microsoft.AspNetCore.Mvc.ModelBinding.Validation.ValidationVisitor.Visit(ModelMetadata metadata, String key, Object model)
   at Microsoft.AspNetCore.Mvc.ModelBinding.Validation.ValidationVisitor.Validate(ModelMetadata metadata, String key, Object model, Boolean alwaysValidateAtTopLevel, Object container)
   at FluentValidation.AspNetCore.FluentValidationVisitor.<>c__DisplayClass2_0.<Validate>g__BaseValidate|0() in /_/src/FluentValidation.AspNetCore/FluentValidationVisitor.cs:line 45
   at FluentValidation.AspNetCore.FluentValidationVisitor.ValidateInternal(ModelMetadata metadata, String key, Object model, Func`1 continuation) in /_/src/FluentValidation.AspNetCore/FluentValidationVisitor.cs:line 63
   at Microsoft.AspNetCore.Mvc.ModelBinding.ObjectModelValidator.Validate(ActionContext actionContext, ValidationStateDictionary validationState, String prefix, Object model, ModelMetadata metadata, Object container)
   at Microsoft.AspNetCore.Mvc.ModelBinding.ParameterBinder.EnforceBindRequiredAndValidate(ObjectModelValidator baseObjectValidator, ActionContext actionContext, ParameterDescriptor parameter, ModelMetadata metadata, ModelBindingContext modelBindingContext, ModelBindingResult modelBindingResult, Object container)
   at Microsoft.AspNetCore.Mvc.ModelBinding.ParameterBinder.BindModelAsync(ActionContext actionContext, IModelBinder modelBinder, IValueProvider valueProvider, ParameterDescriptor parameter, ModelMetadata metadata, Object value, Object container)
   at Microsoft.AspNetCore.Mvc.Controllers.ControllerBinderDelegateProvider.<>c__DisplayClass0_0.<<CreateBinderDelegate>g__Bind|0>d.MoveNext()
--- End of stack trace from previous location ---
   at Microsoft.AspNetCore.Mvc.Infrastructure.ControllerActionInvoker.<InvokeInnerFilterAsync>g__Awaited|13_0(ControllerActionInvoker invoker, Task lastTask, State next, Scope scope, Object state, Boolean isCompleted)
   at Microsoft.AspNetCore.Mvc.Infrastructure.ResourceInvoker.<InvokeFilterPipelineAsync>g__Awaited|20_0(ResourceInvoker invoker, Task lastTask, State next, Scope scope, Object state, Boolean isCompleted)
   at Microsoft.AspNetCore.Mvc.Infrastructure.ResourceInvoker.<InvokeAsync>g__Logged|17_1(ResourceInvoker invoker)
   at Microsoft.AspNetCore.Mvc.Infrastructure.ResourceInvoker.<InvokeAsync>g__Logged|17_1(ResourceInvoker invoker)
   at Microsoft.AspNetCore.Routing.EndpointMiddleware.<Invoke>g__AwaitRequestTask|6_0(Endpoint endpoint, Task requestTask, ILogger logger)
   at Swashbuckle.AspNetCore.SwaggerUI.SwaggerUIMiddleware.Invoke(HttpContext httpContext)
   at Swashbuckle.AspNetCore.Swagger.SwaggerMiddleware.Invoke(HttpContext httpContext, ISwaggerProvider swaggerProvider)
   at RestaurantAPI.Middleware.RequestTimeMiddleware.InvokeAsync(HttpContext context, RequestDelegate next) in C:\Users\MastalKr\source\repos\Udemy\ASP.NET\RestaurantAPI\Middleware\RequestTimeMiddleware.cs:line 18
   at Microsoft.AspNetCore.Builder.UseMiddlewareExtensions.<>c__DisplayClass6_1.<<UseMiddlewareInterface>b__1>d.MoveNext()
--- End of stack trace from previous location ---
   at RestaurantAPI.Middleware.ErrorHandlingMiddleware.InvokeAsync(HttpContext context, RequestDelegate next) in C:\Users\MastalKr\source\repos\Udemy\ASP.NET\RestaurantAPI\Middleware\ErrorHandlingMiddleware.cs:line 17
2023-05-20 21:45:49.7050||ERROR|RestaurantAPI.Middleware.ErrorHandlingMiddleware|Object reference not set to an instance of an object. System.NullReferenceException: Object reference not set to an instance of an object.
   at RestaurantAPI.Authorization.MinimumAgeRequirementHandler.HandleRequirementAsync(AuthorizationHandlerContext context, MinimumAgeRequirement requirement) in C:\Users\MastalKr\source\repos\Udemy\ASP.NET\RestaurantAPI\Authorization\MinimumAgeRequirementHandler.cs:line 19
   at Microsoft.AspNetCore.Authorization.AuthorizationHandler`1.HandleAsync(AuthorizationHandlerContext context)
   at Microsoft.AspNetCore.Authorization.DefaultAuthorizationService.AuthorizeAsync(ClaimsPrincipal user, Object resource, IEnumerable`1 requirements)
   at Microsoft.AspNetCore.Authorization.Policy.PolicyEvaluator.AuthorizeAsync(AuthorizationPolicy policy, AuthenticateResult authenticationResult, HttpContext context, Object resource)
   at Microsoft.AspNetCore.Authorization.AuthorizationMiddleware.Invoke(HttpContext context)
   at Swashbuckle.AspNetCore.SwaggerUI.SwaggerUIMiddleware.Invoke(HttpContext httpContext)
   at Swashbuckle.AspNetCore.Swagger.SwaggerMiddleware.Invoke(HttpContext httpContext, ISwaggerProvider swaggerProvider)
   at Microsoft.AspNetCore.Authentication.AuthenticationMiddleware.Invoke(HttpContext context)
   at RestaurantAPI.Middleware.RequestTimeMiddleware.InvokeAsync(HttpContext context, RequestDelegate next) in C:\Users\MastalKr\source\repos\Udemy\ASP.NET\RestaurantAPI\Middleware\RequestTimeMiddleware.cs:line 18
   at Microsoft.AspNetCore.Builder.UseMiddlewareExtensions.<>c__DisplayClass6_1.<<UseMiddlewareInterface>b__1>d.MoveNext()
--- End of stack trace from previous location ---
   at RestaurantAPI.Middleware.ErrorHandlingMiddleware.InvokeAsync(HttpContext context, RequestDelegate next) in C:\Users\MastalKr\source\repos\Udemy\ASP.NET\RestaurantAPI\Middleware\ErrorHandlingMiddleware.cs:line 17
2023-05-20 21:46:12.7977||ERROR|RestaurantAPI.Middleware.ErrorHandlingMiddleware|Object reference not set to an instance of an object. System.NullReferenceException: Object reference not set to an instance of an object.
   at RestaurantAPI.Authorization.MinimumAgeRequirementHandler.HandleRequirementAsync(AuthorizationHandlerContext context, MinimumAgeRequirement requirement) in C:\Users\MastalKr\source\repos\Udemy\ASP.NET\RestaurantAPI\Authorization\MinimumAgeRequirementHandler.cs:line 19
   at Microsoft.AspNetCore.Authorization.AuthorizationHandler`1.HandleAsync(AuthorizationHandlerContext context)
   at Microsoft.AspNetCore.Authorization.DefaultAuthorizationService.AuthorizeAsync(ClaimsPrincipal user, Object resource, IEnumerable`1 requirements)
   at Microsoft.AspNetCore.Authorization.Policy.PolicyEvaluator.AuthorizeAsync(AuthorizationPolicy policy, AuthenticateResult authenticationResult, HttpContext context, Object resource)
   at Microsoft.AspNetCore.Authorization.AuthorizationMiddleware.Invoke(HttpContext context)
   at Swashbuckle.AspNetCore.SwaggerUI.SwaggerUIMiddleware.Invoke(HttpContext httpContext)
   at Swashbuckle.AspNetCore.Swagger.SwaggerMiddleware.Invoke(HttpContext httpContext, ISwaggerProvider swaggerProvider)
   at Microsoft.AspNetCore.Authentication.AuthenticationMiddleware.Invoke(HttpContext context)
   at RestaurantAPI.Middleware.RequestTimeMiddleware.InvokeAsync(HttpContext context, RequestDelegate next) in C:\Users\MastalKr\source\repos\Udemy\ASP.NET\RestaurantAPI\Middleware\RequestTimeMiddleware.cs:line 18
   at Microsoft.AspNetCore.Builder.UseMiddlewareExtensions.<>c__DisplayClass6_1.<<UseMiddlewareInterface>b__1>d.MoveNext()
--- End of stack trace from previous location ---
   at RestaurantAPI.Middleware.ErrorHandlingMiddleware.InvokeAsync(HttpContext context, RequestDelegate next) in C:\Users\MastalKr\source\repos\Udemy\ASP.NET\RestaurantAPI\Middleware\ErrorHandlingMiddleware.cs:line 17
2023-05-20 23:04:24.4685||ERROR|RestaurantAPI.Middleware.ErrorHandlingMiddleware|An error occurred while saving the entity changes. See the inner exception for details. Microsoft.EntityFrameworkCore.DbUpdateException: An error occurred while saving the entity changes. See the inner exception for details.
 ---> Microsoft.Data.SqlClient.SqlException (0x80131904): String or binary data would be truncated in table 'RestaurantDb.dbo.Restaurants', column 'Name'. Truncated value: 'Charming Sylwester Restau'.
   at Microsoft.Data.SqlClient.SqlConnection.OnError(SqlException exception, Boolean breakConnection, Action`1 wrapCloseInAction)
   at Microsoft.Data.SqlClient.TdsParser.ThrowExceptionAndWarning(TdsParserStateObject stateObj, Boolean callerHasConnectionLock, Boolean asyncClose)
   at Microsoft.Data.SqlClient.TdsParser.TryRun(RunBehavior runBehavior, SqlCommand cmdHandler, SqlDataReader dataStream, BulkCopySimpleResultSet bulkCopyHandler, TdsParserStateObject stateObj, Boolean& dataReady)
   at Microsoft.Data.SqlClient.SqlDataReader.TryHasMoreRows(Boolean& moreRows)
   at Microsoft.Data.SqlClient.SqlDataReader.TryReadInternal(Boolean setTimeout, Boolean& more)
   at Microsoft.Data.SqlClient.SqlDataReader.Read()
   at Microsoft.EntityFrameworkCore.Update.AffectedCountModificationCommandBatch.ConsumeResultSet(Int32 startCommandIndex, RelationalDataReader reader)
   at Microsoft.EntityFrameworkCore.Update.AffectedCountModificationCommandBatch.Consume(RelationalDataReader reader)
ClientConnectionId:08b9aeaa-a18c-4445-8314-6fbeeefe7607
Error Number:2628,State:1,Class:16
   --- End of inner exception stack trace ---
   at Microsoft.EntityFrameworkCore.Update.AffectedCountModificationCommandBatch.Consume(RelationalDataReader reader)
   at Microsoft.EntityFrameworkCore.Update.ReaderModificationCommandBatch.Execute(IRelationalConnection connection)
   at Microsoft.EntityFrameworkCore.SqlServer.Update.Internal.SqlServerModificationCommandBatch.Execute(IRelationalConnection connection)
   at Microsoft.EntityFrameworkCore.Update.Internal.BatchExecutor.Execute(IEnumerable`1 commandBatches, IRelationalConnection connection)
   at Microsoft.EntityFrameworkCore.ChangeTracking.Internal.StateManager.SaveChanges(IList`1 entriesToSave)
   at Microsoft.EntityFrameworkCore.ChangeTracking.Internal.StateManager.SaveChanges(StateManager stateManager, Boolean acceptAllChangesOnSuccess)
   at Microsoft.EntityFrameworkCore.SqlServer.Storage.Internal.SqlServerExecutionStrategy.Execute[TState,TResult](TState state, Func`3 operation, Func`3 verifySucceeded)
   at Microsoft.EntityFrameworkCore.ChangeTracking.Internal.StateManager.SaveChanges(Boolean acceptAllChangesOnSuccess)
   at Microsoft.EntityFrameworkCore.DbContext.SaveChanges(Boolean acceptAllChangesOnSuccess)
   at RestaurantAPI.Services.RestaurantServices.Create(CreateRestaurantDto dto) in C:\Users\MastalKr\source\repos\Udemy\ASP.NET\RestaurantAPI\Services\RestaurantServices.cs:line 77
   at RestaurantAPI.Controllers.RestaurantController.CreateBogusData(Int32 count) in C:\Users\MastalKr\source\repos\Udemy\ASP.NET\RestaurantAPI\Controllers\RestaurantController.cs:line 144
   at lambda_method16(Closure , Object , Object[] )
   at Microsoft.AspNetCore.Mvc.Infrastructure.ActionMethodExecutor.SyncActionResultExecutor.Execute(IActionResultTypeMapper mapper, ObjectMethodExecutor executor, Object controller, Object[] arguments)
   at Microsoft.AspNetCore.Mvc.Infrastructure.ControllerActionInvoker.<InvokeActionMethodAsync>g__Logged|12_1(ControllerActionInvoker invoker)
   at Microsoft.AspNetCore.Mvc.Infrastructure.ControllerActionInvoker.<InvokeNextActionFilterAsync>g__Awaited|10_0(ControllerActionInvoker invoker, Task lastTask, State next, Scope scope, Object state, Boolean isCompleted)
   at Microsoft.AspNetCore.Mvc.Infrastructure.ControllerActionInvoker.Rethrow(ActionExecutedContextSealed context)
   at Microsoft.AspNetCore.Mvc.Infrastructure.ControllerActionInvoker.Next(State& next, Scope& scope, Object& state, Boolean& isCompleted)
   at Microsoft.AspNetCore.Mvc.Infrastructure.ControllerActionInvoker.InvokeInnerFilterAsync()
--- End of stack trace from previous location ---
   at Microsoft.AspNetCore.Mvc.Infrastructure.ResourceInvoker.<InvokeFilterPipelineAsync>g__Awaited|20_0(ResourceInvoker invoker, Task lastTask, State next, Scope scope, Object state, Boolean isCompleted)
   at Microsoft.AspNetCore.Mvc.Infrastructure.ResourceInvoker.<InvokeAsync>g__Logged|17_1(ResourceInvoker invoker)
   at Microsoft.AspNetCore.Mvc.Infrastructure.ResourceInvoker.<InvokeAsync>g__Logged|17_1(ResourceInvoker invoker)
   at Microsoft.AspNetCore.Routing.EndpointMiddleware.<Invoke>g__AwaitRequestTask|6_0(Endpoint endpoint, Task requestTask, ILogger logger)
   at Microsoft.AspNetCore.Authorization.AuthorizationMiddleware.Invoke(HttpContext context)
   at Swashbuckle.AspNetCore.SwaggerUI.SwaggerUIMiddleware.Invoke(HttpContext httpContext)
   at Swashbuckle.AspNetCore.Swagger.SwaggerMiddleware.Invoke(HttpContext httpContext, ISwaggerProvider swaggerProvider)
   at Microsoft.AspNetCore.Authentication.AuthenticationMiddleware.Invoke(HttpContext context)
   at RestaurantAPI.Middleware.RequestTimeMiddleware.InvokeAsync(HttpContext context, RequestDelegate next) in C:\Users\MastalKr\source\repos\Udemy\ASP.NET\RestaurantAPI\Middleware\RequestTimeMiddleware.cs:line 18
   at Microsoft.AspNetCore.Builder.UseMiddlewareExtensions.<>c__DisplayClass6_1.<<UseMiddlewareInterface>b__1>d.MoveNext()
--- End of stack trace from previous location ---
   at RestaurantAPI.Middleware.ErrorHandlingMiddleware.InvokeAsync(HttpContext context, RequestDelegate next) in C:\Users\MastalKr\source\repos\Udemy\ASP.NET\RestaurantAPI\Middleware\ErrorHandlingMiddleware.cs:line 17
